22:44:56 **** Rebuild of configuration Debug for project array-searching ****
Info: Internal Builder is used for build
gcc -O0 -g3 -Wall -c -fmessage-length=0 -o "src\\array-searching.o" "..\\src\\array-searching.c" 
gcc -o array-searching.exe "src\\array-searching.o" 
22:45:04 **** Incremental Build of configuration Debug for project array-searching ****
Info: Internal Builder is used for build
gcc -O0 -g3 -Wall -c -fmessage-length=0 -o "src\\array-searching.o" "..\\src\\array-searching.c" 
..\src\array-searching.c: In function 'main':
..\src\array-searching.c:21:11: warning: format '%d' expects argument of type 'int *', but argument 2 has type 'int' [-Wformat=]
   scanf("%d",arr[i]);
           ^
gcc -o array-searching.exe "src\\array-searching.o" 
22:45:23 **** Incremental Build of configuration Debug for project array-searching ****
Info: Internal Builder is used for build
gcc -O0 -g3 -Wall -c -fmessage-length=0 -o "src\\array-searching.o" "..\\src\\array-searching.c" 
..\src\array-searching.c: In function 'main':
..\src\array-searching.c:22:11: warning: format '%d' expects argument of type 'int *', but argument 2 has type 'int' [-Wformat=]
   scanf("%d",arr[i]);
           ^
gcc -o array-searching.exe "src\\array-searching.o" 
Info: Nothing to build for array-searching
22:46:48 **** Incremental Build of configuration Debug for project array-searching ****
Info: Internal Builder is used for build
gcc -O0 -g3 -Wall -c -fmessage-length=0 -o "src\\array-searching.o" "..\\src\\array-searching.c" 
gcc -o array-searching.exe "src\\array-searching.o" 
Info: Nothing to build for array-searching
18:06:11 **** Rebuild of configuration Debug for project array-searching ****
Info: Internal Builder is used for build
gcc -O0 -g3 -Wall -c -fmessage-length=0 -o "src\\array-searching.o" "..\\src\\array-searching.c" 
gcc -o array-searching.exe "src\\array-searching.o" 
